[0.021s] Invoking command in '/home/lorenzo/Two_Wheel/ros_foxy_ws/build/Two_Wheel_sim': /usr/bin/cmake --build /home/lorenzo/Two_Wheel/ros_foxy_ws/build/Two_Wheel_sim -- -j4 -l4
[0.121s] -- Found ament_cmake: 0.9.9 (/opt/ros/foxy/share/ament_cmake/cmake)
[0.153s] -- Using PYTHON_EXECUTABLE: /usr/bin/python3
[0.353s] Traceback (most recent call last):
[0.353s]   File "/opt/ros/foxy/share/ament_cmake_core/cmake/package_templates/templates_2_cmake.py", line 21, in <module>
[0.353s]     from ament_package.templates import get_environment_hook_template_path
[0.353s] ModuleNotFoundError: No module named 'ament_package'
[0.377s] CMake Error at /opt/ros/foxy/share/ament_cmake_core/cmake/ament_cmake_package_templates-extras.cmake:41 (message):
[0.377s]   execute_process(/usr/bin/python3
[0.378s]   /opt/ros/foxy/share/ament_cmake_core/cmake/package_templates/templates_2_cmake.py
[0.378s]   /home/lorenzo/Two_Wheel/ros_foxy_ws/build/Two_Wheel_sim/ament_cmake_package_templates/templates.cmake)
[0.378s]   returned error code 1
[0.378s] Call Stack (most recent call first):
[0.378s]   /opt/ros/foxy/share/ament_cmake_core/cmake/ament_cmake_coreConfig.cmake:41 (include)
[0.379s]   /opt/ros/foxy/share/ament_cmake/cmake/ament_cmake_export_dependencies-extras.cmake:15 (find_package)
[0.379s]   /opt/ros/foxy/share/ament_cmake/cmake/ament_cmakeConfig.cmake:41 (include)
[0.379s]   CMakeLists.txt:19 (find_package)
[0.379s] 
[0.379s] 
[0.379s] -- Configuring incomplete, errors occurred!
[0.379s] See also "/home/lorenzo/Two_Wheel/ros_foxy_ws/build/Two_Wheel_sim/CMakeFiles/CMakeOutput.log".
[0.382s] make: *** [Makefile:222: cmake_check_build_system] Errore 1
[0.385s] Invoked command in '/home/lorenzo/Two_Wheel/ros_foxy_ws/build/Two_Wheel_sim' returned '2': /usr/bin/cmake --build /home/lorenzo/Two_Wheel/ros_foxy_ws/build/Two_Wheel_sim -- -j4 -l4
